<?xml version="1.0" encoding="UTF-8"?>
<testng-results skipped="0" failed="0" total="1" passed="1">
  <reporter-output>
  </reporter-output>
  <suite name="JBK offline Website Automation Testing " duration-ms="10663" started-at="2019-11-24T07:03:56Z" finished-at="2019-11-24T07:04:07Z">
    <groups>
    </groups>
    <test name="JBK offline Website Test cases" duration-ms="10663" started-at="2019-11-24T07:03:56Z" finished-at="2019-11-24T07:04:07Z">
      <class name="com.jbksitetest.qa.testcases.LoginPageTest">
        <test-method status="PASS" signature="setUp()[pri:0, instance:com.jbksitetest.qa.testcases.LoginPageTest@2096442d]" name="setUp" is-config="true" duration-ms="7564" started-at="2019-11-24T12:33:56Z" finished-at="2019-11-24T12:34:04Z">
          <reporter-output>
          </reporter-output>
        </test-method> <!-- setUp -->
        <test-method status="PASS" signature="loginTest()[pri:0, instance:com.jbksitetest.qa.testcases.LoginPageTest@2096442d]" name="loginTest" duration-ms="1670" started-at="2019-11-24T12:34:04Z" finished-at="2019-11-24T12:34:05Z">
          <reporter-output>
          </reporter-output>
        </test-method> <!-- loginTest -->
        <test-method status="PASS" signature="closeBrowser()[pri:0, instance:com.jbksitetest.qa.testcases.LoginPageTest@2096442d]" name="closeBrowser" is-config="true" duration-ms="1389" started-at="2019-11-24T12:34:05Z" finished-at="2019-11-24T12:34:07Z">
          <reporter-output>
          </reporter-output>
        </test-method> <!-- closeBrowser -->
      </class> <!-- com.jbksitetest.qa.testcases.LoginPageTest -->
    </test> <!-- JBK offline Website Test cases -->
  </suite> <!-- JBK offline Website Automation Testing  -->
</testng-results>
