<?xml version="1.0" encoding="UTF-8"?>
<testng-results skipped="0" failed="0" total="1" passed="1">
  <reporter-output>
  </reporter-output>
  <suite name="JBK offline Website Automation Testing " duration-ms="10192" started-at="2019-11-24T07:10:22Z" finished-at="2019-11-24T07:10:32Z">
    <groups>
    </groups>
    <test name="JBK offline Website Test cases" duration-ms="10192" started-at="2019-11-24T07:10:22Z" finished-at="2019-11-24T07:10:32Z">
      <class name="com.jbksitetest.qa.testcases.LoginPageTest">
        <test-method status="PASS" signature="setUp()[pri:0, instance:com.jbksitetest.qa.testcases.LoginPageTest@635eaaf1]" name="setUp" is-config="true" duration-ms="7755" started-at="2019-11-24T12:40:22Z" finished-at="2019-11-24T12:40:30Z">
          <reporter-output>
          </reporter-output>
        </test-method> <!-- setUp -->
        <test-method status="PASS" signature="loginTest()[pri:0, instance:com.jbksitetest.qa.testcases.LoginPageTest@635eaaf1]" name="loginTest" duration-ms="1158" started-at="2019-11-24T12:40:30Z" finished-at="2019-11-24T12:40:31Z">
          <reporter-output>
          </reporter-output>
        </test-method> <!-- loginTest -->
        <test-method status="PASS" signature="closeBrowser()[pri:0, instance:com.jbksitetest.qa.testcases.LoginPageTest@635eaaf1]" name="closeBrowser" is-config="true" duration-ms="1220" started-at="2019-11-24T12:40:31Z" finished-at="2019-11-24T12:40:32Z">
          <reporter-output>
          </reporter-output>
        </test-method> <!-- closeBrowser -->
      </class> <!-- com.jbksitetest.qa.testcases.LoginPageTest -->
    </test> <!-- JBK offline Website Test cases -->
  </suite> <!-- JBK offline Website Automation Testing  -->
</testng-results>
